E:\CPP\WORM2.5\RELEASE\WORM.EXE
E:\CPP\WORM2.5\RELEASE\WORM.PDB
E:\Cpp\worm2.5\worm\Release\cl.command.1.tlog
E:\Cpp\worm2.5\worm\Release\CL.read.1.tlog
E:\Cpp\worm2.5\worm\Release\CL.write.1.tlog
E:\Cpp\worm2.5\worm\Release\link.command.1.tlog
E:\Cpp\worm2.5\worm\Release\link.read.1.tlog
E:\Cpp\worm2.5\worm\Release\link.write.1.tlog
E:\Cpp\worm2.5\worm\Release\link-cvtres.read.1.tlog
E:\Cpp\worm2.5\worm\Release\link-cvtres.write.1.tlog
E:\CPP\WORM2.5\WORM\RELEASE\MAIN.OBJ
E:\Cpp\worm2.5\worm\Release\mt.command.1.tlog
E:\Cpp\worm2.5\worm\Release\mt.read.1.tlog
E:\Cpp\worm2.5\worm\Release\mt.write.1.tlog
E:\Cpp\worm2.5\worm\Release\rc.command.1.tlog
E:\Cpp\worm2.5\worm\Release\rc.read.1.tlog
E:\Cpp\worm2.5\worm\Release\rc.write.1.tlog
E:\CPP\WORM2.5\WORM\RELEASE\VC100.PDB
E:\CPP\WORM2.5\WORM\RELEASE\WORM.EXE.INTERMEDIATE.MANIFEST
E:\CPP\WORM2.5\WORM\RELEASE\WORM.RES
E:\Cpp\worm2.5\worm\Release\worm.vcxprojResolveAssemblyReference.cache
E:\Cpp\worm2.5\worm\Release\worm.write.1.tlog
